TN:
SF:contracts/JBV3Token.sol
FN:71,JBV3Token.totalSupply
FNDA:0,JBV3Token.totalSupply
DA:74,0
DA:76,0
FN:90,JBV3Token.totalSupply
FNDA:0,JBV3Token.totalSupply
DA:91,0
DA:93,0
FN:110,JBV3Token.balanceOf
FNDA:2,JBV3Token.balanceOf
DA:118,2
FN:131,JBV3Token.decimals
FNDA:0,JBV3Token.decimals
DA:132,0
FN:176,JBV3Token.mint
FNDA:0,JBV3Token.mint
DA:182,0
BRDA:182,0,0,-
BRDA:182,0,1,-
DA:183,0
FN:197,JBV3Token.burn
FNDA:0,JBV3Token.burn
DA:203,0
BRDA:203,1,0,-
BRDA:203,1,1,-
DA:204,0
FN:215,JBV3Token.approve
FNDA:0,JBV3Token.approve
DA:221,0
BRDA:221,2,0,-
BRDA:221,2,1,-
DA:222,0
FN:233,JBV3Token.transfer
FNDA:0,JBV3Token.transfer
DA:239,0
BRDA:239,3,0,-
BRDA:239,3,1,-
DA:240,0
FN:252,JBV3Token.transferFrom
FNDA:0,JBV3Token.transferFrom
DA:259,0
BRDA:259,4,0,-
BRDA:259,4,1,-
DA:260,0
FN:267,JBV3Token.migrate
FNDA:2,JBV3Token.migrate
DA:268,2
DA:271,2
DA:274,2
DA:278,2
FN:288,JBV3Token._migrateV1Tokens
FNDA:2,JBV3Token._migrateV1Tokens
DA:290,2
BRDA:290,5,0,-
BRDA:290,5,1,2
DA:292,2
DA:295,2
DA:301,2
DA:306,2
DA:308,2
DA:311,2
BRDA:311,6,0,1
BRDA:311,6,1,1
DA:314,1
BRDA:314,7,0,-
BRDA:314,7,1,1
DA:315,1
DA:318,1
BRDA:318,8,0,-
BRDA:318,8,1,1
DA:319,1
DA:326,1
FN:337,JBV3Token._migrateV2Tokens
FNDA:2,JBV3Token._migrateV2Tokens
DA:339,2
BRDA:339,9,0,-
BRDA:339,9,1,2
DA:342,2
DA:345,2
DA:351,2
DA:356,2
DA:358,2
DA:361,2
BRDA:361,10,0,1
BRDA:361,10,1,1
DA:364,1
BRDA:364,11,0,-
BRDA:364,11,1,1
DA:365,1
DA:373,1
BRDA:373,12,0,-
BRDA:373,12,1,1
DA:374,1
DA:381,1
FNF:12
FNH:4
LF:44
LH:29
BRF:26
BRH:10
end_of_record
TN:
SF:contracts/JBV3TokenDeployer.sol
FN:69,JBV3TokenDeployer.deploy
FNDA:0,JBV3TokenDeployer.deploy
DA:78,0
BRDA:78,0,0,-
BRDA:78,0,1,-
DA:79,0
DA:81,0
BRDA:81,1,0,-
BRDA:81,1,1,-
DA:82,0
DA:84,0
DA:93,0
DA:96,0
DA:98,0
FNF:1
FNH:0
LF:8
LH:0
BRF:4
BRH:0
end_of_record
TN:
SF:contracts/V1Allocator.sol
FN:42,V1Allocator.allocate
FNDA:1,V1Allocator.allocate
DA:48,1
DA:50,1
BRDA:50,0,0,-
BRDA:50,0,1,1
DA:53,1
FN:62,V1Allocator.supportsInterface
FNDA:0,V1Allocator.supportsInterface
DA:68,0
FNF:2
FNH:1
LF:4
LH:3
BRF:2
BRH:1
end_of_record
TN:
SF:contracts/V2Allocator.sol
FN:41,V2Allocator.allocate
FNDA:1,V2Allocator.allocate
DA:43,1
DA:45,1
BRDA:45,0,0,-
BRDA:45,0,1,1
DA:48,1
FN:57,V2Allocator.supportsInterface
FNDA:0,V2Allocator.supportsInterface
DA:63,0
FNF:2
FNH:1
LF:4
LH:3
BRF:2
BRH:1
end_of_record
TN:
SF:contracts/scripts/DeployJBV3TokenDeployer.sol
FN:15,Deploy_JB_V3_Token_Deployer_On_Mainnet.run
FNDA:0,Deploy_JB_V3_Token_Deployer_On_Mainnet.run
DA:16,0
DA:18,0
DA:19,0
FNF:1
FNH:0
LF:3
LH:0
BRF:0
BRH:0
end_of_record
TN:
SF:contracts/scripts/DeployV1Allocator.s.sol
FN:13,Deploy_V1_Allocator_On_Mainnet.run
FNDA:0,Deploy_V1_Allocator_On_Mainnet.run
DA:14,0
DA:16,0
FNF:1
FNH:0
LF:2
LH:0
BRF:0
BRH:0
end_of_record
TN:
SF:contracts/scripts/DeployV2Allocator.s.sol
FN:13,Deploy_V2_Allocator_On_Mainnet.run
FNDA:0,Deploy_V2_Allocator_On_Mainnet.run
DA:14,0
DA:16,0
FN:25,Deploy_V2_Allocator_On_Goerli.run
FNDA:0,Deploy_V2_Allocator_On_Goerli.run
DA:26,0
DA:28,0
FNF:2
FNH:0
LF:4
LH:0
BRF:0
BRH:0
end_of_record
TN:
SF:contracts/test/helpers/AccessJBLib.sol
FN:9,AccessJBLib.ETH
FNDA:0,AccessJBLib.ETH
DA:10,0
FN:13,AccessJBLib.USD
FNDA:0,AccessJBLib.USD
DA:14,0
FN:17,AccessJBLib.ETHToken
FNDA:0,AccessJBLib.ETHToken
DA:18,0
FN:21,AccessJBLib.MAX_FEE
FNDA:2,AccessJBLib.MAX_FEE
DA:22,2
FN:25,AccessJBLib.SPLITS_TOTAL_PERCENT
FNDA:0,AccessJBLib.SPLITS_TOTAL_PERCENT
DA:26,0
FNF:5
FNH:1
LF:5
LH:1
BRF:0
BRH:0
end_of_record
TN:
SF:contracts/test/helpers/TestBaseWorkflowV1.sol
FN:55,TestBaseWorkflowV1.projects
FNDA:0,TestBaseWorkflowV1.projects
DA:56,0
FN:59,TestBaseWorkflowV1.operatorStore
FNDA:0,TestBaseWorkflowV1.operatorStore
DA:60,0
FN:63,TestBaseWorkflowV1.terminal
FNDA:0,TestBaseWorkflowV1.terminal
DA:64,0
FN:67,TestBaseWorkflowV1.fundingCycles
FNDA:0,TestBaseWorkflowV1.fundingCycles
DA:68,0
FN:71,TestBaseWorkflowV1.terminalDirectory
FNDA:0,TestBaseWorkflowV1.terminalDirectory
DA:72,0
FN:75,TestBaseWorkflowV1.ticketBooth
FNDA:0,TestBaseWorkflowV1.ticketBooth
DA:76,0
FN:79,TestBaseWorkflowV1.modStore
FNDA:0,TestBaseWorkflowV1.modStore
DA:80,0
FN:83,TestBaseWorkflowV1.prices
FNDA:0,TestBaseWorkflowV1.prices
DA:84,0
FN:92,TestBaseWorkflowV1.setUp
FNDA:0,TestBaseWorkflowV1.setUp
DA:94,0
DA:96,0
DA:98,0
DA:100,0
DA:102,0
DA:104,0
DA:106,0
DA:108,0
DA:109,0
DA:111,0
DA:113,0
DA:122,0
DA:132,0
DA:142,0
DA:152,0
DA:163,0
DA:164,0
FNF:9
FNH:0
LF:25
LH:0
BRF:0
BRH:0
end_of_record
TN:
SF:contracts/test/helpers/TestBaseWorkflowV2.sol
FN:87,TestBaseWorkflowV2.multisig
FNDA:0,TestBaseWorkflowV2.multisig
DA:88,0
FN:91,TestBaseWorkflowV2.beneficiary
FNDA:0,TestBaseWorkflowV2.beneficiary
DA:92,0
FN:95,TestBaseWorkflowV2.jbOperatorStore
FNDA:0,TestBaseWorkflowV2.jbOperatorStore
DA:96,0
FN:99,TestBaseWorkflowV2.v2Allocator
FNDA:0,TestBaseWorkflowV2.v2Allocator
DA:100,0
FN:103,TestBaseWorkflowV2.jbProjects
FNDA:0,TestBaseWorkflowV2.jbProjects
DA:104,0
FN:107,TestBaseWorkflowV2.jbPrices
FNDA:0,TestBaseWorkflowV2.jbPrices
DA:108,0
FN:111,TestBaseWorkflowV2.jbDirectory
FNDA:0,TestBaseWorkflowV2.jbDirectory
DA:112,0
FN:115,TestBaseWorkflowV2.jbFundingCycleStore
FNDA:0,TestBaseWorkflowV2.jbFundingCycleStore
DA:116,0
FN:119,TestBaseWorkflowV2.jbTokenStore
FNDA:0,TestBaseWorkflowV2.jbTokenStore
DA:120,0
FN:123,TestBaseWorkflowV2.jbSplitsStore
FNDA:0,TestBaseWorkflowV2.jbSplitsStore
DA:124,0
FN:127,TestBaseWorkflowV2.jbController
FNDA:0,TestBaseWorkflowV2.jbController
DA:128,0
FN:131,TestBaseWorkflowV2.jbPaymentTerminalStore
FNDA:0,TestBaseWorkflowV2.jbPaymentTerminalStore
DA:132,0
FN:135,TestBaseWorkflowV2.jbETHPaymentTerminal
FNDA:0,TestBaseWorkflowV2.jbETHPaymentTerminal
DA:136,0
FN:139,TestBaseWorkflowV2.jbLibraries
FNDA:0,TestBaseWorkflowV2.jbLibraries
DA:140,0
FN:148,TestBaseWorkflowV2.setUp
FNDA:0,TestBaseWorkflowV2.setUp
DA:150,0
DA:151,0
DA:154,0
DA:155,0
DA:158,0
DA:159,0
DA:162,0
DA:163,0
DA:165,0
DA:168,0
DA:169,0
DA:172,0
DA:173,0
DA:176,0
DA:177,0
DA:180,0
DA:181,0
DA:184,0
DA:185,0
DA:188,0
DA:196,0
DA:198,0
DA:199,0
DA:202,0
DA:207,0
DA:210,0
DA:213,0
DA:223,0
FN:227,TestBaseWorkflowV2.addressFrom
FNDA:0,TestBaseWorkflowV2.addressFrom
DA:228,0
DA:229,0
BRDA:229,0,0,-
BRDA:229,0,1,-
DA:230,0
BRDA:230,1,0,-
BRDA:230,1,1,-
DA:231,0
DA:232,0
BRDA:232,2,0,-
BRDA:232,2,1,-
DA:233,0
DA:234,0
BRDA:234,3,0,-
BRDA:234,3,1,-
DA:235,0
DA:236,0
BRDA:236,4,0,-
BRDA:236,4,1,-
DA:237,0
DA:238,0
DA:239,0
DA:242,0
FNF:16
FNH:0
LF:55
LH:0
BRF:10
BRH:0
end_of_record
TN:
SF:script/Deploy.sol
FN:14,DeployRinkeby.run
FNDA:0,DeployRinkeby.run
DA:15,0
FN:6,DeployMainnet.run
FNDA:0,DeployMainnet.run
DA:7,0
FNF:2
FNH:0
LF:2
LH:0
BRF:0
BRH:0
end_of_record
